

> @obikerui/demo-wp@1.0.0 build /Users/craigsharp/Coding/obikerui-npm/packages/demo-wp
> rimraf dist && cross-env NODE_ENV=development webpack --config webpack.config.js

[BABEL] Note: The code generator has deoptimised the styling of /Users/craigsharp/Coding/obikerui-npm/packages/d3-plot-lib/dist/index.js as it exceeds the max of 500KB.
[BABEL] Note: The code generator has deoptimised the styling of /Users/craigsharp/Coding/obikerui-npm/packages/d3-map-lib/dist/index.js as it exceeds the max of 500KB.
[BABEL] Note: The code generator has deoptimised the styling of /Users/craigsharp/Coding/obikerui-npm/packages/d3-solar-lib/dist/index.js as it exceeds the max of 500KB.
assets by status 2.84 MiB [1m[33m[compared for emit][39m[22m
  assets by path [1m[32massets/*.json[39m[22m 1.86 MiB
    asset [1m[32massets/markets_overall.json[39m[22m 1.85 MiB [1m[33m[compared for emit][39m[22m [from: src/assets/markets_overall.json] [1m[32m[copied][39m[22m
    asset [1m[32massets/USA.json[39m[22m 7.13 KiB [1m[33m[compared for emit][39m[22m [from: src/assets/USA.json] [1m[32m[copied][39m[22m
  assets by path [1m[32massets/*.geojson[39m[22m 1010 KiB
    asset [1m[32massets/NE.geojson[39m[22m 1000 KiB [1m[33m[compared for emit][39m[22m [from: src/assets/NE.geojson] [1m[32m[copied][39m[22m
    asset [1m[32massets/properties.geojson[39m[22m 2.24 KiB [1m[33m[compared for emit][39m[22m [from: src/assets/properties.geojson] [1m[32m[copied][39m[22m
  asset [1m[32massets/iris.csv[39m[22m 3.63 KiB [1m[33m[compared for emit][39m[22m [from: src/assets/iris.csv] [1m[32m[copied][39m[22m
assets by status 9.57 MiB [1m[32m[emitted][39m[22m
  asset [1m[32mindex.js[39m[22m 9.57 MiB [1m[32m[emitted][39m[22m (name: main)
  asset [1m[32massets/bays.json[39m[22m 1.35 KiB [1m[32m[emitted][39m[22m [from: src/assets/bays.json] [1m[32m[copied][39m[22m
  asset [1m[32massets/baysDetail.json[39m[22m 475 bytes [1m[32m[emitted][39m[22m [from: src/assets/baysDetail.json] [1m[32m[copied][39m[22m
runtime modules 1.29 KiB 7 modules
modules by path [1m../../node_modules/.pnpm/[39m[22m 1.92 MiB 545 modules
modules by path [1m./src/[39m[22m 80.6 KiB
  modules by path [1m./src/plots/[39m[22m 17.8 KiB 8 modules
  modules by path [1m./src/solar/[39m[22m 24.3 KiB 5 modules
  modules by path [1m./src/*.css[39m[22m 24.6 KiB 4 modules
  modules by path [1m./src/Utils/[39m[22m 2.35 KiB 4 modules
  modules by path [1m./src/shapes/*.tsx[39m[22m 4.35 KiB 3 modules
  modules by path [1m./src/maps/MapPlot/[39m[22m 2.94 KiB 2 modules
  + 3 modules
[1m../d3-plot-lib/dist/index.js[39m[22m 1.47 MiB [1m[33m[built][39m[22m [1m[33m[code generated][39m[22m
[1m../d3-solar-lib/dist/index.js[39m[22m 2.97 MiB [1m[33m[built][39m[22m [1m[33m[code generated][39m[22m
[1m../d3-map-lib/dist/index.js[39m[22m 1.87 MiB [1m[33m[built][39m[22m [1m[33m[code generated][39m[22m
webpack 5.84.1 compiled [1m[32msuccessfully[39m[22m in 6030 ms
