

> @obikerui/d3-map-lib@0.0.0 build /Users/craigsharp/Coding/obikerui-npm/packages/d3-map-lib
> cross-env NODE_ENV=development webpack --config webpack.config.js

(node:3639) [DEP_WEBPACK_COMPILATION_ASSETS] DeprecationWarning: Compilation.assets will be frozen in future, all modifications are deprecated.
BREAKING CHANGE: No more changes should happen to Compilation.assets after sealing the Compilation.
	Do changes to assets earlier, e. g. in Compilation.hooks.processAssets.
	Make sure to select an appropriate stage from Compilation.PROCESS_ASSETS_STAGE_*.
(Use `node --trace-deprecation ...` to show where the warning was created)
asset [1m[32mindex.js[39m[22m 1.88 MiB [1m[32m[emitted][39m[22m (name: main)
asset [1m[32mindex.d.ts[39m[22m 4.78 KiB [1m[32m[emitted][39m[22m
runtime modules 937 bytes 4 modules
modules by path [1m../../node_modules/.pnpm/[39m[22m 992 KiB 526 modules
modules by path [1m./src/[39m[22m 18.7 KiB
  modules by path [1m./src/*.ts[39m[22m 4.37 KiB 2 modules
  modules by path [1m./src/plots/*.ts[39m[22m 8.01 KiB
    [1m./src/plots/layers.ts[39m[22m 2.58 KiB [1m[33m[built][39m[22m [1m[33m[code generated][39m[22m
    [1m./src/plots/hexbin.ts[39m[22m 5.43 KiB [1m[33m[built][39m[22m [1m[33m[code generated][39m[22m
  modules by path [1m./src/attributes/*.ts[39m[22m 1.99 KiB
    [1m./src/attributes/container.ts[39m[22m 1.75 KiB [1m[33m[built][39m[22m [1m[33m[code generated][39m[22m
    [1m./src/attributes/plot.ts[39m[22m 241 bytes [1m[33m[built][39m[22m [1m[33m[code generated][39m[22m
  modules by path [1m./src/generators/*.ts[39m[22m 1.97 KiB
    [1m./src/generators/attributeGenerator.ts[39m[22m 928 bytes [1m[33m[built][39m[22m [1m[33m[code generated][39m[22m
    [1m./src/generators/plotSvgGenerator.ts[39m[22m 1.07 KiB [1m[33m[built][39m[22m [1m[33m[code generated][39m[22m
  [1m./src/markers/markers.ts[39m[22m 2.32 KiB [1m[33m[built][39m[22m [1m[33m[code generated][39m[22m
webpack 5.84.1 compiled [1m[32msuccessfully[39m[22m in 3261 ms
